<?xml version="1.0" encoding="UTF-8"?>
<testsuite xmlns:xsi="http://www.w3.org/2001/XMLSchema-instance" xsi:noNamespaceSchemaLocation="https://maven.apache.org/surefire/maven-surefire-plugin/xsd/surefire-test-report.xsd" name="de.uol.swp.client.lobby.events.LobbyErrorEventTest" time="0" tests="1" errors="0" skipped="0" failures="0">
  <properties>
    <property name="java.specification.version" value="19"/>
    <property name="sun.jnu.encoding" value="UTF-8"/>
    <property name="java.class.path" value="/Users/julian/Desktop/swp2022h/client/target/test-classes:/Users/julian/Desktop/swp2022h/client/target/classes:/Users/julian/Desktop/swp2022h/common/target/classes:/Users/julian/.m2/repository/org/openjfx/javafx-controls/17/javafx-controls-17.jar:/Users/julian/.m2/repository/org/openjfx/javafx-controls/17/javafx-controls-17-mac-aarch64.jar:/Users/julian/.m2/repository/org/openjfx/javafx-graphics/17/javafx-graphics-17.jar:/Users/julian/.m2/repository/org/openjfx/javafx-fxml/17/javafx-fxml-17.jar:/Users/julian/.m2/repository/org/openjfx/javafx-fxml/17/javafx-fxml-17-mac-aarch64.jar:/Users/julian/.m2/repository/com/jfoenix/jfoenix/9.0.10/jfoenix-9.0.10.jar:/Users/julian/.m2/repository/org/openjfx/javafx-graphics/17/javafx-graphics-17-win.jar:/Users/julian/.m2/repository/org/openjfx/javafx-graphics/17/javafx-graphics-17-mac-aarch64.jar:/Users/julian/.m2/repository/org/openjfx/javafx-base/17/javafx-base-17.jar:/Users/julian/.m2/repository/org/openjfx/javafx-base/17/javafx-base-17-mac-aarch64.jar:/Users/julian/.m2/repository/org/openjfx/javafx-graphics/17/javafx-graphics-17-linux.jar:/Users/julian/.m2/repository/org/openjfx/javafx-graphics/17/javafx-graphics-17-mac.jar:/Users/julian/.m2/repository/com/gluonhq/ignite-guice/1.2.0/ignite-guice-1.2.0.jar:/Users/julian/.m2/repository/com/gluonhq/ignite-common/1.2.0/ignite-common-1.2.0.jar:/Users/julian/.m2/repository/org/openjfx/javafx-swing/11-ea+24/javafx-swing-11-ea+24.jar:/Users/julian/.m2/repository/org/openjfx/javafx-swing/11-ea+24/javafx-swing-11-ea+24-mac.jar:/Users/julian/.m2/repository/io/netty/netty-all/4.1.67.Final/netty-all-4.1.67.Final.jar:/Users/julian/.m2/repository/org/junit/jupiter/junit-jupiter-api/5.7.2/junit-jupiter-api-5.7.2.jar:/Users/julian/.m2/repository/org/apiguardian/apiguardian-api/1.1.0/apiguardian-api-1.1.0.jar:/Users/julian/.m2/repository/org/opentest4j/opentest4j/1.2.0/opentest4j-1.2.0.jar:/Users/julian/.m2/repository/org/junit/platform/junit-platform-commons/1.7.2/junit-platform-commons-1.7.2.jar:/Users/julian/.m2/repository/org/junit/jupiter/junit-jupiter-engine/5.7.2/junit-jupiter-engine-5.7.2.jar:/Users/julian/.m2/repository/org/junit/platform/junit-platform-engine/1.7.2/junit-platform-engine-1.7.2.jar:/Users/julian/.m2/repository/com/google/guava/guava/30.1.1-jre/guava-30.1.1-jre.jar:/Users/julian/.m2/repository/com/google/guava/failureaccess/1.0.1/failureaccess-1.0.1.jar:/Users/julian/.m2/repository/com/google/guava/listenablefuture/9999.0-empty-to-avoid-conflict-with-guava/listenablefuture-9999.0-empty-to-avoid-conflict-with-guava.jar:/Users/julian/.m2/repository/com/google/code/findbugs/jsr305/3.0.2/jsr305-3.0.2.jar:/Users/julian/.m2/repository/org/checkerframework/checker-qual/3.8.0/checker-qual-3.8.0.jar:/Users/julian/.m2/repository/com/google/errorprone/error_prone_annotations/2.5.1/error_prone_annotations-2.5.1.jar:/Users/julian/.m2/repository/com/google/j2objc/j2objc-annotations/1.3/j2objc-annotations-1.3.jar:/Users/julian/.m2/repository/org/apache/logging/log4j/log4j-api/2.17.0/log4j-api-2.17.0.jar:/Users/julian/.m2/repository/org/apache/logging/log4j/log4j-core/2.17.0/log4j-core-2.17.0.jar:/Users/julian/.m2/repository/com/google/inject/guice/5.0.1/guice-5.0.1.jar:/Users/julian/.m2/repository/javax/inject/javax.inject/1/javax.inject-1.jar:/Users/julian/.m2/repository/aopalliance/aopalliance/1.0/aopalliance-1.0.jar:/Users/julian/.m2/repository/com/google/inject/extensions/guice-assistedinject/5.0.1/guice-assistedinject-5.0.1.jar:/Users/julian/.m2/repository/org/mockito/mockito-junit-jupiter/4.8.1/mockito-junit-jupiter-4.8.1.jar:/Users/julian/.m2/repository/org/mockito/mockito-core/4.8.1/mockito-core-4.8.1.jar:/Users/julian/.m2/repository/net/bytebuddy/byte-buddy/1.12.16/byte-buddy-1.12.16.jar:/Users/julian/.m2/repository/net/bytebuddy/byte-buddy-agent/1.12.16/byte-buddy-agent-1.12.16.jar:/Users/julian/.m2/repository/org/objenesis/objenesis/3.2/objenesis-3.2.jar:/Users/julian/.m2/repository/org/bouncycastle/bcprov-jdk15on/1.64/bcprov-jdk15on-1.64.jar:"/>
    <property name="java.vm.vendor" value="Oracle Corporation"/>
    <property name="sun.arch.data.model" value="64"/>
    <property name="java.vendor.url" value="https://java.oracle.com/"/>
    <property name="os.name" value="Mac OS X"/>
    <property name="java.vm.specification.version" value="19"/>
    <property name="sun.java.launcher" value="SUN_STANDARD"/>
    <property name="user.country" value="DE"/>
    <property name="sun.boot.library.path" value="/Users/julian/Library/Java/JavaVirtualMachines/openjdk-19/Contents/Home/lib"/>
    <property name="sun.java.command" value="/Users/julian/Desktop/swp2022h/client/target/surefire/surefirebooter9171779071612748248.jar /Users/julian/Desktop/swp2022h/client/target/surefire 2023-06-29T10-46-02_499-jvmRun1 surefire6142463114807958256tmp surefire_113358077206578697133tmp"/>
    <property name="http.nonProxyHosts" value="local|*.local|169.254/16|*.169.254/16"/>
    <property name="jdk.debug" value="release"/>
    <property name="surefire.test.class.path" value="/Users/julian/Desktop/swp2022h/client/target/test-classes:/Users/julian/Desktop/swp2022h/client/target/classes:/Users/julian/Desktop/swp2022h/common/target/classes:/Users/julian/.m2/repository/org/openjfx/javafx-controls/17/javafx-controls-17.jar:/Users/julian/.m2/repository/org/openjfx/javafx-controls/17/javafx-controls-17-mac-aarch64.jar:/Users/julian/.m2/repository/org/openjfx/javafx-graphics/17/javafx-graphics-17.jar:/Users/julian/.m2/repository/org/openjfx/javafx-fxml/17/javafx-fxml-17.jar:/Users/julian/.m2/repository/org/openjfx/javafx-fxml/17/javafx-fxml-17-mac-aarch64.jar:/Users/julian/.m2/repository/com/jfoenix/jfoenix/9.0.10/jfoenix-9.0.10.jar:/Users/julian/.m2/repository/org/openjfx/javafx-graphics/17/javafx-graphics-17-win.jar:/Users/julian/.m2/repository/org/openjfx/javafx-graphics/17/javafx-graphics-17-mac-aarch64.jar:/Users/julian/.m2/repository/org/openjfx/javafx-base/17/javafx-base-17.jar:/Users/julian/.m2/repository/org/openjfx/javafx-base/17/javafx-base-17-mac-aarch64.jar:/Users/julian/.m2/repository/org/openjfx/javafx-graphics/17/javafx-graphics-17-linux.jar:/Users/julian/.m2/repository/org/openjfx/javafx-graphics/17/javafx-graphics-17-mac.jar:/Users/julian/.m2/repository/com/gluonhq/ignite-guice/1.2.0/ignite-guice-1.2.0.jar:/Users/julian/.m2/repository/com/gluonhq/ignite-common/1.2.0/ignite-common-1.2.0.jar:/Users/julian/.m2/repository/org/openjfx/javafx-swing/11-ea+24/javafx-swing-11-ea+24.jar:/Users/julian/.m2/repository/org/openjfx/javafx-swing/11-ea+24/javafx-swing-11-ea+24-mac.jar:/Users/julian/.m2/repository/io/netty/netty-all/4.1.67.Final/netty-all-4.1.67.Final.jar:/Users/julian/.m2/repository/org/junit/jupiter/junit-jupiter-api/5.7.2/junit-jupiter-api-5.7.2.jar:/Users/julian/.m2/repository/org/apiguardian/apiguardian-api/1.1.0/apiguardian-api-1.1.0.jar:/Users/julian/.m2/repository/org/opentest4j/opentest4j/1.2.0/opentest4j-1.2.0.jar:/Users/julian/.m2/repository/org/junit/platform/junit-platform-commons/1.7.2/junit-platform-commons-1.7.2.jar:/Users/julian/.m2/repository/org/junit/jupiter/junit-jupiter-engine/5.7.2/junit-jupiter-engine-5.7.2.jar:/Users/julian/.m2/repository/org/junit/platform/junit-platform-engine/1.7.2/junit-platform-engine-1.7.2.jar:/Users/julian/.m2/repository/com/google/guava/guava/30.1.1-jre/guava-30.1.1-jre.jar:/Users/julian/.m2/repository/com/google/guava/failureaccess/1.0.1/failureaccess-1.0.1.jar:/Users/julian/.m2/repository/com/google/guava/listenablefuture/9999.0-empty-to-avoid-conflict-with-guava/listenablefuture-9999.0-empty-to-avoid-conflict-with-guava.jar:/Users/julian/.m2/repository/com/google/code/findbugs/jsr305/3.0.2/jsr305-3.0.2.jar:/Users/julian/.m2/repository/org/checkerframework/checker-qual/3.8.0/checker-qual-3.8.0.jar:/Users/julian/.m2/repository/com/google/errorprone/error_prone_annotations/2.5.1/error_prone_annotations-2.5.1.jar:/Users/julian/.m2/repository/com/google/j2objc/j2objc-annotations/1.3/j2objc-annotations-1.3.jar:/Users/julian/.m2/repository/org/apache/logging/log4j/log4j-api/2.17.0/log4j-api-2.17.0.jar:/Users/julian/.m2/repository/org/apache/logging/log4j/log4j-core/2.17.0/log4j-core-2.17.0.jar:/Users/julian/.m2/repository/com/google/inject/guice/5.0.1/guice-5.0.1.jar:/Users/julian/.m2/repository/javax/inject/javax.inject/1/javax.inject-1.jar:/Users/julian/.m2/repository/aopalliance/aopalliance/1.0/aopalliance-1.0.jar:/Users/julian/.m2/repository/com/google/inject/extensions/guice-assistedinject/5.0.1/guice-assistedinject-5.0.1.jar:/Users/julian/.m2/repository/org/mockito/mockito-junit-jupiter/4.8.1/mockito-junit-jupiter-4.8.1.jar:/Users/julian/.m2/repository/org/mockito/mockito-core/4.8.1/mockito-core-4.8.1.jar:/Users/julian/.m2/repository/net/bytebuddy/byte-buddy/1.12.16/byte-buddy-1.12.16.jar:/Users/julian/.m2/repository/net/bytebuddy/byte-buddy-agent/1.12.16/byte-buddy-agent-1.12.16.jar:/Users/julian/.m2/repository/org/objenesis/objenesis/3.2/objenesis-3.2.jar:/Users/julian/.m2/repository/org/bouncycastle/bcprov-jdk15on/1.64/bcprov-jdk15on-1.64.jar:"/>
    <property name="sun.cpu.endian" value="little"/>
    <property name="user.home" value="/Users/julian"/>
    <property name="user.language" value="de"/>
    <property name="java.specification.vendor" value="Oracle Corporation"/>
    <property name="java.version.date" value="2022-09-20"/>
    <property name="java.home" value="/Users/julian/Library/Java/JavaVirtualMachines/openjdk-19/Contents/Home"/>
    <property name="file.separator" value="/"/>
    <property name="basedir" value="/Users/julian/Desktop/swp2022h/client"/>
    <property name="java.vm.compressedOopsMode" value="Zero based"/>
    <property name="line.separator" value="&#10;"/>
    <property name="java.vm.specification.vendor" value="Oracle Corporation"/>
    <property name="java.specification.name" value="Java Platform API Specification"/>
    <property name="apple.awt.application.name" value="ForkedBooter"/>
    <property name="surefire.real.class.path" value="/Users/julian/Desktop/swp2022h/client/target/surefire/surefirebooter9171779071612748248.jar"/>
    <property name="sun.management.compiler" value="HotSpot 64-Bit Tiered Compilers"/>
    <property name="ftp.nonProxyHosts" value="local|*.local|169.254/16|*.169.254/16"/>
    <property name="java.runtime.version" value="19+36-2238"/>
    <property name="user.name" value="julian"/>
    <property name="stdout.encoding" value="UTF-8"/>
    <property name="path.separator" value=":"/>
    <property name="os.version" value="12.4"/>
    <property name="java.runtime.name" value="OpenJDK Runtime Environment"/>
    <property name="file.encoding" value="UTF-8"/>
    <property name="java.vm.name" value="OpenJDK 64-Bit Server VM"/>
    <property name="localRepository" value="/Users/julian/.m2/repository"/>
    <property name="java.vendor.url.bug" value="https://bugreport.java.com/bugreport/"/>
    <property name="java.io.tmpdir" value="/var/folders/qw/txn17vkn66vf_9pc5h1j29ph0000gn/T/"/>
    <property name="idea.version" value="2023.1"/>
    <property name="java.version" value="19"/>
    <property name="user.dir" value="/Users/julian/Desktop/swp2022h/client"/>
    <property name="os.arch" value="aarch64"/>
    <property name="java.vm.specification.name" value="Java Virtual Machine Specification"/>
    <property name="native.encoding" value="UTF-8"/>
    <property name="java.library.path" value="/Users/julian/Library/Java/Extensions:/Library/Java/Extensions:/Network/Library/Java/Extensions:/System/Library/Java/Extensions:/usr/lib/java:."/>
    <property name="java.vm.info" value="mixed mode, sharing"/>
    <property name="stderr.encoding" value="UTF-8"/>
    <property name="java.vendor" value="Oracle Corporation"/>
    <property name="java.vm.version" value="19+36-2238"/>
    <property name="sun.io.unicode.encoding" value="UnicodeBig"/>
    <property name="socksNonProxyHosts" value="local|*.local|169.254/16|*.169.254/16"/>
    <property name="java.class.version" value="63.0"/>
  </properties>
  <testcase name="createLobbyErrorEvent" classname="de.uol.swp.client.lobby.events.LobbyErrorEventTest" time="0"/>
</testsuite>